info	
Order: 
1 x Golduckie
10 x Psyduckie
StoreAddress: Duckie Dynasty
TotalPriceOfItems: 77.89
purchased by customer: blearned92
2022-08-02T13:36:37.142250200
---------------------------------
info	
Order: 
1 x Mighty Duckie
3 x Rubber Duckie
StoreAddress: Discount Duckies
TotalPriceOfItems: 15.96
purchased by customer: blearned92
2022-08-02T13:37:02.445367500
---------------------------------
info	
Order: 
2 x Darkwing Duckie
StoreAddress: Good Duckin' Duckies
TotalPriceOfItems: 27.98
purchased by customer: blearned92
2022-08-02T14:11:34.023276800
---------------------------------
info	
Order: 
2 x Red Duckie
StoreAddress: Discount Duckies
TotalPriceOfItems: 5.98
purchased by customer: blearned92
2022-08-02T14:36:31.804811500
---------------------------------
info	
Order: 
2 x Darkwing Duckie
StoreAddress: Good Duckin' Duckies
TotalPriceOfItems: 27.98
purchased by customer: blearned92
2022-08-02T14:36:38.420407900
---------------------------------
info	
Order: 
2 x Red Duckie
StoreAddress: Discount Duckies
TotalPriceOfItems: 5.98
purchased by customer: blearned92
2022-08-02T14:40:46.888864800
---------------------------------
info	
Order: 
2 x Darkwing Duckie
StoreAddress: Good Duckin' Duckies
TotalPriceOfItems: 27.98
purchased by customer: blearned92
2022-08-02T14:40:51.378373600
---------------------------------
info	
Order: 
2 x Darkwing Duckie
StoreAddress: Good Duckin' Duckies
TotalPriceOfItems: 27.98
purchased by customer: blearned92
2022-08-02T14:43:31.364466900
---------------------------------
info	
Order: 
2 x Darkwing Duckie
StoreAddress: Good Duckin' Duckies
TotalPriceOfItems: 27.98
purchased by customer: blearned92
2022-08-02T14:43:36.935457300
---------------------------------
info	
Order: 
2 x Red Duckie
StoreAddress: Discount Duckies
TotalPriceOfItems: 5.98
purchased by customer: blearned92
2022-08-02T14:46:21.712750500
---------------------------------
info	
Order: 
2 x Darkwing Duckie
StoreAddress: Good Duckin' Duckies
TotalPriceOfItems: 27.98
purchased by customer: blearned92
2022-08-02T14:46:25.563633400
---------------------------------
info	
Order: 
3 x Donald Duckie
StoreAddress: Good Duckin' Duckies
TotalPriceOfItems: 29.849999999999998
purchased by customer: blearned92
2022-08-02T20:13:24.868654100
---------------------------------
