info	
Order: 
2 x [LIMITED EDITION] Black Mage Donald Duckie
StoreAddress: Good Duckin' Duckies
TotalPriceOfItems: 159.98
purchased by customer: blearned92
2022-08-04T11:43:47.374205400
---------------------------------
info	
Order: 
2 x Darkwing Duckie
StoreAddress: Good Duckin' Duckies
TotalPriceOfItems: 27.98
purchased by customer: blearned92
2022-08-04T11:54:11.048113200
---------------------------------
info	
Order: 
2 x Howard the Duckie
StoreAddress: Duckie Dynasty
TotalPriceOfItems: 21.18
purchased by customer: blearned92
2022-08-04T11:54:17.900916200
---------------------------------
info	
Order: 
1 x Red Duckie
StoreAddress: Discount Duckies
TotalPriceOfItems: 2.99
purchased by customer: blearned92
2022-08-04T11:57:29.071239200
---------------------------------
info	
Order: 
2 x [LIMITED EDITION] Black Mage Donald Duckie
StoreAddress: Good Duckin' Duckies
TotalPriceOfItems: 159.98
purchased by customer: blearned92
2022-08-04T11:58:11.543855
---------------------------------
info	
Order: 
2 x Darkwing Duckie
StoreAddress: Good Duckin' Duckies
TotalPriceOfItems: 27.98
purchased by customer: blearned92
2022-08-04T12:07:39.614739700
---------------------------------
