
info	
Admin User: user logged into account
2022-08-15T14:16:44.664339400
---------------------------------
info	
Admin User: user logged into account
2022-08-15T14:20:01.830315900
---------------------------------
info	
Admin User: user logged into account
2022-08-15T14:23:50.647970800
---------------------------------
info	
Admin User: user logged into account
2022-08-15T14:25:45.930955
---------------------------------
info	
Admin User: user logged into account
2022-08-15T14:50:38.233340300
---------------------------------
info	
Admin User: user added product Golduckie to storefront Duckie Dynasty with a stock of 100
2022-08-15T14:51:05.219692500
---------------------------------
info	
Admin User: user logged into account
2022-08-15T14:51:59.357738900
---------------------------------
info	
Admin User: user added product Daffy Duckie to storefront Duckie Town USA with a stock of 73
2022-08-15T14:52:18.441762700
---------------------------------
info	
Admin User: user logged into account
2022-08-15T14:52:38.835492700
---------------------------------
info	
Admin User: user logged into account
2022-08-15T14:57:31.682260
---------------------------------
info	
Admin User: user added product Duckie Lasek to storefront Duckie Town USA with a stock of 1
2022-08-15T14:58:00.741822800
---------------------------------
info	
Admin User: user logged into account
2022-08-15T14:59:07.885423300
---------------------------------
info	
Admin User: user logged into account
2022-08-15T15:00:04.266399500
---------------------------------
info	
Admin User: user logged into account
2022-08-15T15:01:54.461541100
---------------------------------
info	
Admin User: user added product Rubber Duckie to storefront Duckie Town USA with a stock of 1
2022-08-15T15:02:07.953561800
---------------------------------
info	
Admin User: user logged into account
2022-08-15T15:03:15.808510
---------------------------------
info	
Admin User: user logged into account
2022-08-15T15:05:38.966704600
---------------------------------
info	
Admin User: user logged into account
2022-08-15T15:06:58.822974300
---------------------------------
info	
Admin User: user logged into account
2022-08-15T15:08:04.358016400
---------------------------------
info	
Admin User: user logged into account
2022-08-15T15:10:52.379916800
---------------------------------
info	
Admin User: user added product Rubber Duckie to storefront Duckie Town USA with a stock of 1
2022-08-15T15:11:04.630390200
---------------------------------
info	
Admin User: user logged into account
2022-08-15T15:12:08.044463500
---------------------------------
info	
Admin User: user added product Donald Duckie to storefront Duckie Town USA with a stock of 3
2022-08-15T15:12:36.345239300
---------------------------------
info	
Admin User: user logged into account
2022-08-15T15:13:05.066498200
---------------------------------
info	
Admin User: user added product [LIMITED EDITION] Black Mage Donald Duckie to storefront Duckie Town USA with a stock of 50
2022-08-15T15:13:24.320521300
---------------------------------
info	
Admin User: user removed product [LIMITED EDITION] Black Mage Donald Duckie from storefront Duckie Town USA
2022-08-15T15:13:35.881878400
---------------------------------
info	
Admin User: user removed product Rubber Duckie from storefront Duckie Town USA
2022-08-15T15:13:43.307089
---------------------------------
info	
Admin User: user removed product Rubber Duckie from storefront Duckie Town USA
2022-08-15T15:13:57.152005200
---------------------------------
info	
Admin User: user removed product Rubber Duckie from storefront Duckie Town USA
2022-08-15T15:14:01.503342400
---------------------------------
info	
Admin User: user removed product Daffy Duckie from storefront Duckie Town USA
2022-08-15T15:14:06.424736500
---------------------------------
info	
Admin User: user removed product Donald Duckie from storefront Duckie Town USA
2022-08-15T15:14:11.834597300
---------------------------------
info	
Admin User: user removed product Howard the Duckie from storefront Duckie Town USA
2022-08-15T15:14:21.748683600
---------------------------------
info	
Admin User: user added product Rubber Duckie to storefront Duckie Town USA with a stock of 50
2022-08-15T15:15:00.195990400
---------------------------------
info	
Admin User: user logged into account
2022-08-15T15:17:56.712023
---------------------------------
info	
Admin User: user logged into account
2022-08-15T15:22:40.999606600
---------------------------------
info	
Admin User: user logged into account
2022-08-15T15:23:26.908024200
---------------------------------
info	
Admin User: user added product Psyduckie to storefront Duckie Town USA with a stock of 100
2022-08-15T15:23:58.577438600
---------------------------------
info	
Admin User: user logged into account
2022-08-15T15:25:32.100035200
---------------------------------
info	
Admin User: user added product Rubber Duckie to storefront Good Duckin' Duckies with a stock of 1
2022-08-15T15:25:52.167415600
---------------------------------
info	
Admin User: user logged into account
2022-08-15T15:29:44.808985100
---------------------------------
info	
Admin User: user added product Rubber Duckie to storefront Duckie Town USA with a stock of 1
2022-08-15T15:29:59.345954900
---------------------------------
info	
Admin User: user logged into account
2022-08-15T15:30:59.709140900
---------------------------------
info	
Admin User: user added product Red Rubber Duckie to storefront Duckies 'R' Us with a stock of 1
2022-08-15T15:31:19.235618200
---------------------------------
info	
Admin User: user added product Daffy Duckie to storefront Duckies 'R' Us with a stock of 3
2022-08-15T15:31:41.536390200
---------------------------------
info	
Admin User: user removed product Red Rubber Duckie from storefront Duckies 'R' Us
2022-08-15T15:31:54.810312200
---------------------------------
info	
Admin User: user added product Red Rubber Duckie to storefront Duckies 'R' Us with a stock of 1
2022-08-15T15:32:13.577387300
---------------------------------
info	
Admin User: user added product [LIMITED EDITION] Black Mage Donald Duckie to storefront Duckies 'R' Us with a stock of 100
2022-08-15T15:32:53.293697100
---------------------------------
info	
Admin User: user removed product [LIMITED EDITION] Black Mage Donald Duckie from storefront Duckies 'R' Us
2022-08-15T15:33:17.218110200
---------------------------------
