info	
Order: 
2 x Darkwing Duckie
StoreAddress: Good Duckin' Duckies
TotalPriceOfItems: 27.98
purchased by customer: blearned92
2022-08-05T00:02:04.266629700
---------------------------------
info	
Order: 
2 x Red Duckie
StoreAddress: Discount Duckies
TotalPriceOfItems: 5.98
purchased by customer: blearned92
2022-08-05T00:02:10.052898700
---------------------------------
info	
Order: 
2 x Darkwing Duckie
StoreAddress: Good Duckin' Duckies
TotalPriceOfItems: 27.98
purchased by customer: blearned92
2022-08-05T00:06:59.788839600
---------------------------------
info	
Order: 
2 x Howard the Duckie
StoreAddress: Duckie Dynasty
TotalPriceOfItems: 21.18
purchased by customer: blearned92
2022-08-05T00:07:05.859393400
---------------------------------
info	
Order: 
2 x Red Duckie
StoreAddress: Discount Duckies
TotalPriceOfItems: 5.98
purchased by customer: blearned92
2022-08-05T00:08:59.051508
---------------------------------
info	
Order: 
2 x Darkwing Duckie
StoreAddress: Good Duckin' Duckies
TotalPriceOfItems: 27.98
purchased by customer: blearned92
2022-08-05T00:11:11.325900100
---------------------------------
info	
Order: 
2 x Darkwing Duckie
StoreAddress: Good Duckin' Duckies
TotalPriceOfItems: 27.98
purchased by customer: blearned92
2022-08-05T08:11:46.241301900
---------------------------------
info	
Order: 
1 x [LIMITED EDITION] Black Mage Donald Duckie
StoreAddress: Good Duckin' Duckies
TotalPriceOfItems: 79.99
purchased by customer: blearned92
2022-08-05T08:23:07.265097100
---------------------------------
info	
Order: 
1 x [LIMITED EDITION] Black Mage Donald Duckie
StoreAddress: Good Duckin' Duckies
TotalPriceOfItems: 79.99
purchased by customer: blearned92
2022-08-05T08:25:01.276200900
---------------------------------
info	
Order: 
1 x [LIMITED EDITION] Black Mage Donald Duckie
StoreAddress: Good Duckin' Duckies
TotalPriceOfItems: 79.99
purchased by customer: blearned92
2022-08-05T08:25:45.987382700
---------------------------------
info	
Order: 
3 x Rubber Duckie
StoreAddress: Discount Duckies
TotalPriceOfItems: 5.97
purchased by customer: blearned92
2022-08-05T08:27:41.134388300
---------------------------------
