info	
Order: 
2 x Daffy Duckie
StoreAddress: Good Duckin' Duckies
TotalPriceOfItems: 13.98
purchased by customer: blearned92
2022-08-06T16:34:49.617619800
---------------------------------
info	
Order: 
1 x Rubber Duckie
2 x Scrooge McDuckie
1 x Duckie Lasek
StoreAddress: Duckie Dynasty
TotalPriceOfItems: 126.96
purchased by customer: blearned92
2022-08-06T16:36:02.151869400
---------------------------------
info	
Order: 
1 x Rubber Duckie
2 x Red Rubber Duckie
StoreAddress: Discount Duckies
TotalPriceOfItems: 10.97
purchased by customer: blearned92
2022-08-06T16:37:27.222517400
---------------------------------
info	
Order: 
2 x Rubber Duckie
2 x Daffy Duckie
StoreAddress: Good Duckin' Duckies
TotalPriceOfItems: 23.96
purchased by customer: master33
2022-08-06T16:42:48.481162
---------------------------------
info	
Order: 
6 x Mighty Duckie
StoreAddress: Good Duckin' Duckies
TotalPriceOfItems: 41.94
purchased by customer: master33
2022-08-06T16:44:19.815574400
---------------------------------
info	
Order: 
1 x Donald Duckie
StoreAddress: Discount Duckies
TotalPriceOfItems: 9.95
purchased by customer: blearned92
2022-08-06T16:57:10.930220800
---------------------------------
info	
Order: 
1 x Alien Rubber Duckie
StoreAddress: Discount Duckies
TotalPriceOfItems: 9.99
purchased by customer: blearned92
2022-08-06T18:38:49.487884600
---------------------------------
info	
Order: 
1 x Rubber Duckie
StoreAddress: Good Duckin' Duckies
TotalPriceOfItems: 4.99
purchased by customer: blearned92
2022-08-06T18:45:54.001083700
---------------------------------
info	
Order: 
1 x Rubber Duckie
StoreAddress: Good Duckin' Duckies
TotalPriceOfItems: 4.99
purchased by customer: kornstock
2022-08-06T18:56:57.019828900
---------------------------------
info	
Order: 
3 x Alien Rubber Duckie
StoreAddress: Discount Duckies
TotalPriceOfItems: 29.97
purchased by customer: kornstock
2022-08-06T19:00:05.610472900
---------------------------------
info	
Order: 
1 x Rubber Duckie
1 x Daffy Duckie
StoreAddress: Good Duckin' Duckies
TotalPriceOfItems: 11.98
purchased by customer: kornstock
2022-08-06T19:05:16.563460700
---------------------------------
info	
Order: 
1 x Rubber Duckie
2 x Red Rubber Duckie
StoreAddress: Discount Duckies
TotalPriceOfItems: 10.97
purchased by customer: kornstock
2022-08-06T19:06:40.992937100
---------------------------------
info	
Order: 
2 x Rubber Duckie
2 x Daffy Duckie
StoreAddress: Good Duckin' Duckies
TotalPriceOfItems: 23.96
purchased by customer: kornstock
2022-08-06T19:10:40.614733300
---------------------------------
info	
Order: 
2 x Daffy Duckie
2 x Rubber Duckie
StoreAddress: Good Duckin' Duckies
TotalPriceOfItems: 23.96
purchased by customer: kornstock
2022-08-06T19:22:08.346633400
---------------------------------
info	
Order: 
2 x Rubber Duckie
2 x Daffy Duckie
StoreAddress: Good Duckin' Duckies
TotalPriceOfItems: 23.96
purchased by customer: kornstock
2022-08-06T20:23:44.161677200
---------------------------------
info	
Order: 
1 x Alien Rubber Duckie
StoreAddress: Discount Duckies
TotalPriceOfItems: 9.99
purchased by customer: kornstock
2022-08-06T20:23:59.417997100
---------------------------------
info	
Order: 
3 x Duckie Lasek
StoreAddress: Duckie Dynasty
TotalPriceOfItems: 83.97
purchased by customer: kornstock
2022-08-06T20:24:09.912962100
---------------------------------
info	
Order: 
1 x Mighty Duckie
StoreAddress: Good Duckin' Duckies
TotalPriceOfItems: 6.99
purchased by customer: kornstock
2022-08-06T20:31:40.602005700
---------------------------------
info	
Order: 
2 x Red Rubber Duckie
StoreAddress: Discount Duckies
TotalPriceOfItems: 7.98
purchased by customer: kornstock
2022-08-06T20:53:04.569945800
---------------------------------
info	
Order: 
2 x Red Rubber Duckie
StoreAddress: Discount Duckies
TotalPriceOfItems: 7.98
purchased by customer: kornstock
2022-08-06T20:57:11.412650600
---------------------------------
info	
Order: 
2 x Daffy Duckie
StoreAddress: Good Duckin' Duckies
TotalPriceOfItems: 13.98
purchased by customer: kornstock
2022-08-06T21:01:09.915056800
---------------------------------
