info	
Order: 
5 x Duckie Lasek
StoreAddress: Duckie Dynasty
TotalPriceOfItems: 139.95
purchased by customer: blearned92
2022-08-08T16:00:51.450675900
---------------------------------
info	
Order: 
1 x Scrooge McDuckie
4 x [LIMITED EDITION] Black Mage Donald Duckie
StoreAddress: Duckie Dynasty
TotalPriceOfItems: 364.95
purchased by customer: blearned92
2022-08-08T16:28:09.349167700
---------------------------------
info	
Order: 
15 x Rubber Duckie
StoreAddress: Good Duckin' Duckies
TotalPriceOfItems: 44.85
purchased by customer: blearned92
2022-08-08T16:28:32.060612300
---------------------------------
info	
Order: 
2 x Psyduckie
StoreAddress: Good Duckin' Duckies
TotalPriceOfItems: 49.98
purchased by customer: curteaton
2022-08-08T18:35:48.139583100
---------------------------------
info	
Order: 
1 x [LIMITED EDITION] Black Mage Donald Duckie
StoreAddress: Duckie Dynasty
TotalPriceOfItems: 79.98999999999995
purchased by customer: curteaton
2022-08-08T18:37:23.399467
---------------------------------
info	
Order: 
9 x Rubber Duckie
StoreAddress: Good Duckin' Duckies
TotalPriceOfItems: 26.910000000000004
purchased by customer: blearned92
2022-08-08T20:23:07.623394200
---------------------------------
info	
Order: 
9 x Golduckie
StoreAddress: Good Duckin' Duckies
TotalPriceOfItems: 278.90999999999997
purchased by customer: kornstock
2022-08-08T20:26:31.497865
---------------------------------
info	
Order: 
2 x Rubber Duckie
StoreAddress: Good Duckin' Duckies
TotalPriceOfItems: 9.980000000000002
purchased by customer: blearned92
2022-08-08T21:26:49.995289700
---------------------------------
