info	
Admin User: user logged out of account
2022-08-16T07:48:03.776120900
---------------------------------
info	
Admin User: prowler4 logged into account
2022-08-16T07:48:14.696051100
---------------------------------
info	
Admin User: prowler4 added product Red Rubber Duckie to storefront Good Duckin' Duckies with a stock of 50
2022-08-16T07:49:08.992499300
---------------------------------
info	
Admin User: prowler4 added product Donald Duckie to storefront Good Duckin' Duckies with a stock of 100
2022-08-16T07:50:46.226726100
---------------------------------
info	
Admin User: prowler4 added product Rubber Duckie to storefront Good Duckin' Duckies with a stock of 1
2022-08-16T07:50:59.636362700
---------------------------------
info	
Admin User: prowler4 added product Rubber Duckie to storefront Good Duckin' Duckies with a stock of 1
2022-08-16T07:51:04.027032500
---------------------------------
info	
Admin User: prowler4 added product Alien Rubber Duckie to storefront Good Duckin' Duckies with a stock of 1
2022-08-16T07:51:08.166733100
---------------------------------
info	
Admin User: prowler4 added product Darkwing Duckie to storefront Good Duckin' Duckies with a stock of 1
2022-08-16T07:51:11.920791500
---------------------------------
info	
Admin User: prowler4 added product Howard the Duckie to storefront Good Duckin' Duckies with a stock of 1
2022-08-16T07:51:15.946321700
---------------------------------
info	
Admin User: prowler4 added product Scrooge McDuckie to storefront Good Duckin' Duckies with a stock of 1
2022-08-16T07:51:19.913497700
---------------------------------
info	
Admin User: prowler4 added product Duckie Lasek to storefront Good Duckin' Duckies with a stock of 1
2022-08-16T07:51:23.749268300
---------------------------------
info	
Admin User: prowler4 added product Jon Duckett Duckie to storefront Good Duckin' Duckies with a stock of 1
2022-08-16T07:51:27.414496500
---------------------------------
info	
Admin User: prowler4 added product [LIMITED EDITION] Black Mage Donald Duckie to storefront Good Duckin' Duckies with a stock of 1
2022-08-16T07:51:31.432948400
---------------------------------
info	
Admin User: prowler4 removed product Rubber Duckie from storefront Good Duckin' Duckies
2022-08-16T07:51:52.497813200
---------------------------------
info	
Admin User: prowler4 logged into account
2022-08-16T08:15:40.519102300
---------------------------------
info	
Admin User: prowler4 logged into account
2022-08-16T08:16:43.796900700
---------------------------------
info	
Admin User: prowler4 logged into account
2022-08-16T08:17:47.689799300
---------------------------------
info	
Admin User: prowler4 logged into account
2022-08-16T08:18:24.716852500
---------------------------------
info	
Admin User: prowler4 removed product Rubber Duckie from storefront Good Duckin' Duckies
2022-08-16T08:18:46.886551200
---------------------------------
info	
Admin User: prowler4 logged into account
2022-08-16T08:21:32.642362500
---------------------------------
info	
Admin User: prowler4 logged into account
2022-08-16T08:22:12.321211200
---------------------------------
info	
Admin User: prowler4 removed product Daffy Duckie from storefront Good Duckin' Duckies
2022-08-16T08:22:23.966356400
---------------------------------
info	
Admin User: prowler4 removed product Donald Duckie from storefront Good Duckin' Duckies
2022-08-16T08:22:35.159229300
---------------------------------
info	
Admin User: prowler4 logged into account
2022-08-16T08:26:42.223466200
---------------------------------
info	
Admin User: prowler4 logged into account
2022-08-16T08:29:22.322630800
---------------------------------
info	
Admin User: prowler4 removed product Rubber Duckie from storefront Good Duckin' Duckies
2022-08-16T08:29:32.582975500
---------------------------------
info	
Admin User: prowler4 added product Rubber Duckie to storefront Good Duckin' Duckies with a stock of 50
2022-08-16T08:33:10.859049300
---------------------------------
info	
Admin User: prowler4 added product Daffy Duckie to storefront Good Duckin' Duckies with a stock of 50
2022-08-16T08:33:21.361159700
---------------------------------
info	
Admin User: prowler4 added product Donald Duckie to storefront Good Duckin' Duckies with a stock of 50
2022-08-16T08:33:34.653145400
---------------------------------
info	
Admin User: prowler4 logged into account
2022-08-16T08:49:36.578057
---------------------------------
info	
Admin User: prowler4 added product Rubber Duckie to storefront Good Duckin' Duckies with a stock of 1
2022-08-16T08:50:02.558375300
---------------------------------
info	
Admin User: prowler4 logged into account
2022-08-16T08:51:04.900757700
---------------------------------
info	
Admin User: prowler4 logged into account
2022-08-16T08:51:32.058482100
---------------------------------
info	
Admin User: prowler4 logged into account
2022-08-16T08:53:32.029404400
---------------------------------
info	
Admin User: prowler4 logged into account
2022-08-16T08:53:53.529919200
---------------------------------
info	
Admin User: prowler4 logged into account
2022-08-16T08:55:52.269452800
---------------------------------
info	
Admin User: prowler4 logged into account
2022-08-16T08:57:35.095259
---------------------------------
info	
Admin User: prowler4 removed product Red Rubber Duckie from storefront Good Duckin' Duckies
2022-08-16T08:58:14.537510500
---------------------------------
info	
Admin User: prowler4 removed product Rubber Duckie from storefront Good Duckin' Duckies
2022-08-16T08:58:21.572851800
---------------------------------
info	
Admin User: prowler4 removed product [LIMITED EDITION] Black Mage Donald Duckie from storefront Good Duckin' Duckies
2022-08-16T08:58:29.939284700
---------------------------------
info	
Admin User: prowler4 logged into account
2022-08-16T08:59:47.066663600
---------------------------------
info	
Admin User: prowler4 logged into account
2022-08-16T09:00:52.378686300
---------------------------------
info	
Admin User: prowler4 removed product Duckie Lasek from storefront Good Duckin' Duckies
2022-08-16T09:01:15.699284400
---------------------------------
info	
Admin User: prowler4 removed product Alien Rubber Duckie from storefront Good Duckin' Duckies
2022-08-16T09:01:43.800257
---------------------------------
info	
Admin User: prowler4 added product [LIMITED EDITION] Black Mage Donald Duckie to storefront Good Duckin' Duckies with a stock of 4
2022-08-16T09:02:13.047754900
---------------------------------
info	
Admin User: prowler4 added product Duckie Lasek to storefront Good Duckin' Duckies with a stock of 50
2022-08-16T09:02:21.238310300
---------------------------------
info	
Admin User: prowler4 removed product Scrooge McDuckie from storefront Good Duckin' Duckies
2022-08-16T09:02:42.726456400
---------------------------------
