info	
Order: 
1 x Rubber Duckie
StoreAddress: Good Duckin' Duckies
TotalPriceOfItems: 2.99
purchased by customer: blearned92
2022-08-01T13:04:06.013263300
---------------------------------
info	
Order: 
1 x Red Duckie
StoreAddress: Discout Duckies
TotalPriceOfItems: 2.99
purchased by customer: blearned92
2022-08-01T13:04:13.791168900
---------------------------------
info	
Order: 
1 x Rubber Duckie
StoreAddress: Duckie Dynasty
TotalPriceOfItems: 4.99
purchased by customer: blearned92
2022-08-01T13:04:30.195816300
---------------------------------
info	
Order: 
1 x Rubber Duckie
StoreAddress: Good Duckin' Duckies
TotalPriceOfItems: 2.99
purchased by customer: blearned92
2022-08-01T15:16:10.813313100
---------------------------------
info	
Order: 
2 x [LIMITED EDITION] Black Mage Donald Duckie
StoreAddress: Good Duckin' Duckies
TotalPriceOfItems: 159.98
purchased by customer: blearned92
2022-08-01T15:17:09.740698200
---------------------------------
info	
Order: 
2 x [LIMITED EDITION] Black Mage Donald Duckie
StoreAddress: Good Duckin' Duckies
TotalPriceOfItems: 159.98
purchased by customer: master22
2022-08-01T16:17:42.901687400
---------------------------------
info	
Order: 
1 x Rubber Duckie
StoreAddress: Good Duckin' Duckies
TotalPriceOfItems: 2.99
purchased by customer: blearned92
2022-08-01T16:40:53.197680
---------------------------------
info	
Order: 
1 x Rubber Duckie
StoreAddress: Good Duckin' Duckies
TotalPriceOfItems: 2.99
purchased by customer: blearned92
2022-08-01T16:42:21.127166700
---------------------------------
info	
Order: 
1 x Rubber Duckie
1 x Darkwing Duckie
StoreAddress: Good Duckin' Duckies
TotalPriceOfItems: 16.98
purchased by customer: blearned92
2022-08-01T17:08:00.372937100
---------------------------------
info	
Order: 
1 x Rubber Duckie
StoreAddress: Good Duckin' Duckies
TotalPriceOfItems: 2.99
purchased by customer: blearned92
2022-08-01T17:15:54.828159
---------------------------------
info	
Order: 
1 x Rubber Duckie
1 x Darkwing Duckie
StoreAddress: Good Duckin' Duckies
TotalPriceOfItems: 16.98
purchased by customer: blearned92
2022-08-01T17:17:08.692693100
---------------------------------
info	
Order: 
1 x Rubber Duckie
StoreAddress: Good Duckin' Duckies
TotalPriceOfItems: 2.99
purchased by customer: blearned92
2022-08-01T17:19:40.156157600
---------------------------------
info	
Order: 
1 x Scrooge McDuckie
1 x Howard the Duckie
StoreAddress: Duckie Dynasty
TotalPriceOfItems: 27.939999999999998
purchased by customer: blearned92
2022-08-01T17:20:47.737989200
---------------------------------
info	
Order: 
1 x Rubber Duckie
StoreAddress: Good Duckin' Duckies
TotalPriceOfItems: 2.99
purchased by customer: blearned92
2022-08-01T17:26:09.149674
---------------------------------
info	
Order: 
1 x Rubber Duckie
1 x Duckie Lasek
StoreAddress: Discout Duckies
TotalPriceOfItems: 8.98
purchased by customer: blearned92
2022-08-01T17:26:25.170160100
---------------------------------
info	
Order: 
1 x Rubber Duckie
StoreAddress: Good Duckin' Duckies
TotalPriceOfItems: 2.99
purchased by customer: blearned92
2022-08-01T17:29:24.199965800
---------------------------------
info	
Order: 
1 x Red Duckie
StoreAddress: Discout Duckies
TotalPriceOfItems: 2.99
purchased by customer: blearned92
2022-08-01T17:29:31.666528200
---------------------------------
info	
Order: 
1 x Darkwing Duckie
StoreAddress: Good Duckin' Duckies
TotalPriceOfItems: 13.99
purchased by customer: blearned92
2022-08-01T17:30:03.382236200
---------------------------------
info	
Order: 
1 x Howard the Duckie
StoreAddress: Duckie Dynasty
TotalPriceOfItems: 17.99
purchased by customer: blearned92
2022-08-01T17:30:09.021570200
---------------------------------
info	
Order: 
1 x Red Duckie
StoreAddress: Discout Duckies
TotalPriceOfItems: 2.99
purchased by customer: blearned92
2022-08-01T17:34:33.355482300
---------------------------------
info	
Order: 
3 x Duckie Lasek
2 x Red Duckie
StoreAddress: Discout Duckies
TotalPriceOfItems: 26.949999999999996
purchased by customer: blearned92
2022-08-01T17:39:03.544141400
---------------------------------
info	
Order: 
1 x Mighty Duckie
7 x Duckie Lasek
StoreAddress: Discout Duckies
TotalPriceOfItems: 58.92
purchased by customer: blearned92
2022-08-01T17:40:56.221001100
---------------------------------
info	
Order: 
1 x Darkwing Duckie
StoreAddress: Good Duckin' Duckies
TotalPriceOfItems: 13.99
purchased by customer: blearned92
2022-08-01T17:44:10.757176600
---------------------------------
info	
Order: 
1 x Duckie Lasek
StoreAddress: Discount Duckies
TotalPriceOfItems: 6.99
purchased by customer: blearned92
2022-08-01T17:47:37.981043600
---------------------------------
info	
Order: 
1 x Red Duckie
StoreAddress: Discount Duckies
TotalPriceOfItems: 2.99
purchased by customer: blearned92
2022-08-01T17:49:38.654874900
---------------------------------
